0 info it worked if it ends with ok
1 verbose cli [ 'node', '/usr/local/bin/npm', 'install' ]
2 info using npm@1.4.28
3 info using node@v0.10.33
4 verbose readDependencies using package.json deps
5 verbose install where, deps [ '/Users/zack/Dropbox/github/CMS',
5 verbose install   [ 'node-odata',
5 verbose install     'grunt-cli',
5 verbose install     'express',
5 verbose install     'cors',
5 verbose install     'errorhandler',
5 verbose install     'morgan',
5 verbose install     'lodash',
5 verbose install     'mkdirp',
5 verbose install     'gm',
5 verbose install     'rss',
5 verbose install     'coffee-script',
5 verbose install     'node-migrate',
5 verbose install     'open',
5 verbose install     'matchdep',
5 verbose install     'grunt',
5 verbose install     'grunt-contrib-coffee',
5 verbose install     'grunt-contrib-less',
5 verbose install     'grunt-contrib-uglify',
5 verbose install     'grunt-contrib-cssmin',
5 verbose install     'grunt-contrib-watch',
5 verbose install     'grunt-contrib-connect',
5 verbose install     'grunt-contrib-concat',
5 verbose install     'grunt-contrib-clean',
5 verbose install     'grunt-contrib-copy',
5 verbose install     'grunt-concurrent',
5 verbose install     'grunt-sails-linker',
5 verbose install     'connect-livereload',
5 verbose install     'grunt-open',
5 verbose install     'grunt-newer',
5 verbose install     'grunt-rev',
5 verbose install     'grunt-text-replace',
5 verbose install     'connect-modrewrite',
5 verbose install     'grunt-angular-templates',
5 verbose install     'grunt-nodemon',
5 verbose install     'grunt-bower',
5 verbose install     'grunt-coffeelint',
5 verbose install     'grunt-contrib-imagemin' ] ]
6 info preinstall CMS@0.0.1
7 verbose readDependencies using package.json deps
8 verbose already installed skipping node-odata@0.1.5 /Users/zack/Dropbox/github/CMS
9 verbose already installed skipping grunt-cli@~0.1.11 /Users/zack/Dropbox/github/CMS
10 verbose already installed skipping express@3.2.0 /Users/zack/Dropbox/github/CMS
11 verbose already installed skipping cors@2.4.2 /Users/zack/Dropbox/github/CMS
12 verbose already installed skipping errorhandler@1.2.0 /Users/zack/Dropbox/github/CMS
13 verbose already installed skipping morgan@1.3.2 /Users/zack/Dropbox/github/CMS
14 verbose already installed skipping lodash@^2.4.1 /Users/zack/Dropbox/github/CMS
15 verbose already installed skipping mkdirp@* /Users/zack/Dropbox/github/CMS
16 verbose already installed skipping gm@* /Users/zack/Dropbox/github/CMS
17 verbose already installed skipping rss@1.0.0 /Users/zack/Dropbox/github/CMS
18 verbose already installed skipping coffee-script@1.7.0 /Users/zack/Dropbox/github/CMS
19 verbose cache add [ 'node-migrate@0.1.5', null ]
20 verbose cache add name=undefined spec="node-migrate@0.1.5" args=["node-migrate@0.1.5",null]
21 verbose parsed url { protocol: null,
21 verbose parsed url   slashes: null,
21 verbose parsed url   auth: null,
21 verbose parsed url   host: null,
21 verbose parsed url   port: null,
21 verbose parsed url   hostname: null,
21 verbose parsed url   hash: null,
21 verbose parsed url   search: null,
21 verbose parsed url   query: null,
21 verbose parsed url   pathname: 'node-migrate@0.1.5',
21 verbose parsed url   path: 'node-migrate@0.1.5',
21 verbose parsed url   href: 'node-migrate@0.1.5' }
22 verbose cache add name="node-migrate" spec="0.1.5" args=["node-migrate","0.1.5"]
23 verbose parsed url { protocol: null,
23 verbose parsed url   slashes: null,
23 verbose parsed url   auth: null,
23 verbose parsed url   host: null,
23 verbose parsed url   port: null,
23 verbose parsed url   hostname: null,
23 verbose parsed url   hash: null,
23 verbose parsed url   search: null,
23 verbose parsed url   query: null,
23 verbose parsed url   pathname: '0.1.5',
23 verbose parsed url   path: '0.1.5',
23 verbose parsed url   href: '0.1.5' }
24 verbose addNamed [ 'node-migrate', '0.1.5' ]
25 verbose addNamed [ '0.1.5', '0.1.5' ]
26 verbose already installed skipping open@~0.0.5 /Users/zack/Dropbox/github/CMS
27 silly lockFile 54e202e3-node-migrate-0-1-5 node-migrate@0.1.5
28 verbose lock node-migrate@0.1.5 /Users/zack/.npm/54e202e3-node-migrate-0-1-5.lock
29 verbose already installed skipping matchdep@~0.3.0 /Users/zack/Dropbox/github/CMS
30 verbose already installed skipping grunt@~0.4.1 /Users/zack/Dropbox/github/CMS
31 verbose request where is /node-migrate
32 verbose request registry https://registry.npmjs.org/
33 verbose request id 1f4d92f5f0c4859a
34 verbose url raw /node-migrate
35 verbose url resolving [ 'https://registry.npmjs.org/', './node-migrate' ]
36 verbose url resolved https://registry.npmjs.org/node-migrate
37 verbose request where is https://registry.npmjs.org/node-migrate
38 info trying registry request attempt 1 at 11:25:59
39 http GET https://registry.npmjs.org/node-migrate
40 verbose already installed skipping grunt-contrib-coffee@~0.10.1 /Users/zack/Dropbox/github/CMS
41 verbose already installed skipping grunt-contrib-less@~0.11.0 /Users/zack/Dropbox/github/CMS
42 verbose already installed skipping grunt-contrib-uglify@~0.4.0 /Users/zack/Dropbox/github/CMS
43 verbose already installed skipping grunt-contrib-cssmin@~0.9.0 /Users/zack/Dropbox/github/CMS
44 verbose already installed skipping grunt-contrib-watch@~0.6.1 /Users/zack/Dropbox/github/CMS
45 verbose already installed skipping grunt-contrib-connect@~0.8.0 /Users/zack/Dropbox/github/CMS
46 verbose already installed skipping grunt-contrib-concat@~0.3.0 /Users/zack/Dropbox/github/CMS
47 verbose already installed skipping grunt-contrib-clean@~0.5.0 /Users/zack/Dropbox/github/CMS
48 verbose already installed skipping grunt-contrib-copy@~0.5.0 /Users/zack/Dropbox/github/CMS
49 verbose already installed skipping grunt-concurrent@~0.5.0 /Users/zack/Dropbox/github/CMS
50 verbose already installed skipping grunt-sails-linker@~0.9.2 /Users/zack/Dropbox/github/CMS
51 verbose already installed skipping connect-livereload@~0.3.1 /Users/zack/Dropbox/github/CMS
52 verbose already installed skipping grunt-open@~0.2.2 /Users/zack/Dropbox/github/CMS
53 verbose already installed skipping grunt-newer@~0.6.0 /Users/zack/Dropbox/github/CMS
54 verbose already installed skipping grunt-rev@~0.1.0 /Users/zack/Dropbox/github/CMS
55 verbose already installed skipping grunt-text-replace@~0.3.10 /Users/zack/Dropbox/github/CMS
56 verbose already installed skipping connect-modrewrite@0.7.9 /Users/zack/Dropbox/github/CMS
57 verbose already installed skipping grunt-angular-templates@0.5.7 /Users/zack/Dropbox/github/CMS
58 verbose already installed skipping grunt-nodemon@0.2.0 /Users/zack/Dropbox/github/CMS
59 verbose already installed skipping grunt-bower@~0.14.0 /Users/zack/Dropbox/github/CMS
60 verbose already installed skipping grunt-coffeelint@~0.0.13 /Users/zack/Dropbox/github/CMS
61 verbose already installed skipping grunt-contrib-imagemin@0.9.1 /Users/zack/Dropbox/github/CMS
62 http 404 https://registry.npmjs.org/node-migrate
63 verbose headers { date: 'Fri, 14 Nov 2014 03:25:59 GMT',
63 verbose headers   server: 'CouchDB/1.5.0 (Erlang OTP/R16B03)',
63 verbose headers   'content-type': 'application/json',
63 verbose headers   'cache-control': 'max-age=0',
63 verbose headers   'content-length': '52',
63 verbose headers   'accept-ranges': 'bytes',
63 verbose headers   via: '1.1 varnish',
63 verbose headers   age: '0',
63 verbose headers   'x-served-by': 'cache-hk92-HKG',
63 verbose headers   'x-cache': 'MISS',
63 verbose headers   'x-cache-hits': '0',
63 verbose headers   'x-timer': 'S1415935559.256109,VS0,VE693',
63 verbose headers   'keep-alive': 'timeout=10, max=50',
63 verbose headers   connection: 'Keep-Alive' }
64 silly registry.get cb [ 404,
64 silly registry.get   { date: 'Fri, 14 Nov 2014 03:25:59 GMT',
64 silly registry.get     server: 'CouchDB/1.5.0 (Erlang OTP/R16B03)',
64 silly registry.get     'content-type': 'application/json',
64 silly registry.get     'cache-control': 'max-age=0',
64 silly registry.get     'content-length': '52',
64 silly registry.get     'accept-ranges': 'bytes',
64 silly registry.get     via: '1.1 varnish',
64 silly registry.get     age: '0',
64 silly registry.get     'x-served-by': 'cache-hk92-HKG',
64 silly registry.get     'x-cache': 'MISS',
64 silly registry.get     'x-cache-hits': '0',
64 silly registry.get     'x-timer': 'S1415935559.256109,VS0,VE693',
64 silly registry.get     'keep-alive': 'timeout=10, max=50',
64 silly registry.get     connection: 'Keep-Alive' } ]
65 silly lockFile 54e202e3-node-migrate-0-1-5 node-migrate@0.1.5
66 silly lockFile 54e202e3-node-migrate-0-1-5 node-migrate@0.1.5
67 error 404 404 Not Found: node-migrate
67 error 404
67 error 404 'node-migrate' is not in the npm registry.
67 error 404 You should bug the author to publish it
67 error 404 It was specified as a dependency of 'CMS'
67 error 404
67 error 404 Maybe try 'npm search migrate'
67 error 404
67 error 404 Note that you can also install from a
67 error 404 tarball, folder, or http url, or git url.
68 error System Darwin 14.0.0
69 error command "node" "/usr/local/bin/npm" "install"
70 error cwd /Users/zack/Dropbox/github/CMS
71 error node -v v0.10.33
72 error npm -v 1.4.28
73 error code E404
74 verbose exit [ 1, true ]
